
> wellness-fuel@0.1.0 build
> next build

node.exe : [baseline-browser-mapping] The 
data in this module is over two months 
old.  To ensure accurate Baseline data, 
please update: `npm i 
baseline-browser-mapping@latest -D`
At line:1 char:1
+ & "C:\Program Files\nodejs/node.exe" 
"C:\Users\tanum\AppData\Roaming\ ...
+ ~~~~~~~~~~~~~~~~~~~~~~~~~~~~~~~~~~~~~~~~
~~~~~~~~~~~~~~~~~~~~~~~~~~~~~
    + CategoryInfo          : NotSpecifie 
   d: ([baseline-brows...ping@latest -D`  
  :String) [], RemoteException
    + FullyQualifiedErrorId : NativeComma 
   ndError
 
   Γû▓ Next.js 16.0.1 (Turbopack)
   - Environments: .env

 ΓÜá The "middleware" file convention is 
deprecated. Please use "proxy" instead. 
Learn more: https://nextjs.org/docs/messag
es/middleware-to-proxy
   Creating an optimized production build ...
[baseline-browser-mapping] The data in 
this module is over two months old.  To 
ensure accurate Baseline data, please 
update: `npm i 
baseline-browser-mapping@latest -D`
 Γ£ô Compiled successfully in 11.2s
   Running TypeScript ...
   Collecting page data ...
[baseline-browser-mapping] The data in 
this module is over two months old.  To 
ensure accurate Baseline data, please 
update: `npm i 
baseline-browser-mapping@latest -D`
[baseline-browser-mapping] The data in 
this module is over two months old.  To 
ensure accurate Baseline data, please 
update: `npm i 
baseline-browser-mapping@latest -D`
[baseline-browser-mapping] The data in 
this module is over two months old.  To 
ensure accurate Baseline data, please 
update: `npm i 
baseline-browser-mapping@latest -D`
[baseline-browser-mapping] The data in 
this module is over two months old.  To 
ensure accurate Baseline data, please 
update: `npm i 
baseline-browser-mapping@latest -D`
[baseline-browser-mapping] The data in 
this module is over two months old.  To 
ensure accurate Baseline data, please 
update: `npm i 
baseline-browser-mapping@latest -D`
[baseline-browser-mapping] The data in 
this module is over two months old.  To 
ensure accurate Baseline data, please 
update: `npm i 
baseline-browser-mapping@latest -D`
[baseline-browser-mapping] The data in 
this module is over two months old.  To 
ensure accurate Baseline data, please 
update: `npm i 
baseline-browser-mapping@latest -D`
[baseline-browser-mapping] The data in 
this module is over two months old.  To 
ensure accurate Baseline data, please 
update: `npm i 
baseline-browser-mapping@latest -D`
[baseline-browser-mapping] The data in 
this module is over two months old.  To 
ensure accurate Baseline data, please 
update: `npm i 
baseline-browser-mapping@latest -D`
[baseline-browser-mapping] The data in 
this module is over two months old.  To 
ensure accurate Baseline data, please 
update: `npm i 
baseline-browser-mapping@latest -D`
[baseline-browser-mapping] The data in 
this module is over two months old.  To 
ensure accurate Baseline data, please 
update: `npm i 
baseline-browser-mapping@latest -D`
   Generating static pages (0/53) ...
[baseline-browser-mapping] The data in 
this module is over two months old.  To 
ensure accurate Baseline data, please 
update: `npm i 
baseline-browser-mapping@latest -D`
[baseline-browser-mapping] The data in 
this module is over two months old.  To 
ensure accurate Baseline data, please 
update: `npm i 
baseline-browser-mapping@latest -D`
[baseline-browser-mapping] The data in 
this module is over two months old.  To 
ensure accurate Baseline data, please 
update: `npm i 
baseline-browser-mapping@latest -D`
 Γ¿» useSearchParams() should be wrapped 
in a suspense boundary at page 
"/dashboard/users". Read more: https://nex
tjs.org/docs/messages/missing-suspense-wit
h-csr-bailout
    at S (C:\Users\tanum\OneDrive\Desktop\
wellness\wellness-frontend\.next\server\ch
unks\ssr\node_modules_next_60966932._.js:2
:2111)
    at p (C:\Users\tanum\OneDrive\Desktop\
wellness\wellness-frontend\.next\server\ch
unks\ssr\node_modules_next_60966932._.js:4
:4847)
    at C:\Users\tanum\OneDrive\Desktop\wel
lness\wellness-frontend\.next\server\chunk
s\ssr\app_(dashboard)_dashboard_users_page
_tsx_db41b390._.js:1:994
    at ir (C:\Users\tanum\OneDrive\Desktop
\wellness\wellness-frontend\node_modules\n
ext\dist\compiled\next-server\app-page-tur
bo.runtime.prod.js:2:84433)
    at ia (C:\Users\tanum\OneDrive\Desktop
\wellness\wellness-frontend\node_modules\n
ext\dist\compiled\next-server\app-page-tur
bo.runtime.prod.js:2:86252)
    at il (C:\Users\tanum\OneDrive\Desktop
\wellness\wellness-frontend\node_modules\n
ext\dist\compiled\next-server\app-page-tur
bo.runtime.prod.js:2:107981)
    at is (C:\Users\tanum\OneDrive\Desktop
\wellness\wellness-frontend\node_modules\n
ext\dist\compiled\next-server\app-page-tur
bo.runtime.prod.js:2:105399)
    at ii (C:\Users\tanum\OneDrive\Desktop
\wellness\wellness-frontend\node_modules\n
ext\dist\compiled\next-server\app-page-tur
bo.runtime.prod.js:2:84785)
    at ia (C:\Users\tanum\OneDrive\Desktop
\wellness\wellness-frontend\node_modules\n
ext\dist\compiled\next-server\app-page-tur
bo.runtime.prod.js:2:86301)
    at ia (C:\Users\tanum\OneDrive\Desktop
\wellness\wellness-frontend\node_modules\n
ext\dist\compiled\next-server\app-page-tur
bo.runtime.prod.js:2:104739)
Error occurred prerendering page 
"/dashboard/users". Read more: https://nex
tjs.org/docs/messages/prerender-error
Export encountered an error on 
/(dashboard)/dashboard/users/page: 
/dashboard/users, exiting the build.
 Γ¿» Next.js build worker exited with 
code: 1 and signal: null
